2022-10-02 00:02:34.274 [main] INFO  com.regex.App - Regex Practise Problem
2022-10-02 00:02:34.282 [main] INFO  com.regex.App - Give first name value
2022-10-02 00:03:04.943 [main] INFO  com.regex.App - Regex Practise Problem
2022-10-02 00:03:04.951 [main] INFO  com.regex.App - Give first name value
2022-10-02 00:03:09.957 [main] INFO  com.regex.App - Regex Practise Problem
2022-10-02 00:03:09.966 [main] INFO  com.regex.App - Give first name value
2022-10-02 00:26:08.241 [main] INFO  com.regex.App - Regex Practise Problem
2022-10-02 00:32:08.698 [main] INFO  com.regex.App - Regex Practise Problem
2022-10-02 00:36:52.676 [main] INFO  com.regex.App - Regex Practise Problem
2022-10-02 11:42:30.208 [main] INFO  com.regex.App - Regex Practise Problem
2022-10-02 11:42:30.227 [main] INFO  com.regex.App - Please enter first name: 
2022-10-02 11:42:33.152 [main] INFO  com.regex.App - Invalid
2022-10-02 11:42:35.679 [main] INFO  com.regex.App - Regex Practise Problem
2022-10-02 11:42:35.690 [main] INFO  com.regex.App - Please enter first name: 
2022-10-02 11:42:37.638 [main] INFO  com.regex.App - Valid
2022-10-02 12:16:30.278 [main] INFO  com.regex.App - Regex Practise Problem
2022-10-02 12:16:30.286 [main] INFO  com.regex.App - Please enter first name: 
2022-10-02 12:16:34.224 [main] INFO  com.regex.App - Rahul
2022-10-02 12:16:42.892 [main] INFO  com.regex.App - null
2022-10-02 12:17:01.725 [main] INFO  com.regex.App - Regex Practise Problem
2022-10-02 12:17:01.735 [main] INFO  com.regex.App - Please enter first name: 
2022-10-02 12:17:04.090 [main] INFO  com.regex.App - Rahul
2022-10-02 12:17:05.741 [main] INFO  com.regex.App - null
2022-10-02 12:18:04.936 [main] INFO  com.regex.App - Regex Practise Problem
2022-10-02 12:18:04.950 [main] INFO  com.regex.App - Please enter first name: 
2022-10-02 12:18:06.756 [main] INFO  com.regex.App - Rahul
2022-10-02 12:18:07.891 [main] INFO  com.regex.App - Gaur
2022-10-02 12:26:16.902 [main] INFO  com.regex.App - Regex Practise Problem
2022-10-02 12:26:16.910 [main] INFO  com.regex.App - Please enter first name: 
2022-10-02 12:26:18.764 [main] INFO  com.regex.App - Please enter first name: 
2022-10-02 12:26:20.739 [main] INFO  com.regex.App - Please enter first name: 
2022-10-02 12:26:22.697 [main] INFO  com.regex.App - Rahul
2022-10-02 12:26:22.698 [main] INFO  com.regex.App - Please enter last name: 
2022-10-02 12:26:24.833 [main] INFO  com.regex.App - Gaur
2022-10-02 12:29:06.682 [main] INFO  com.regex.App - Regex Practise Problem
2022-10-02 12:29:06.691 [main] INFO  com.regex.App - Please enter first name: 
2022-10-02 12:29:11.496 [main] INFO  com.regex.App - Rahu
2022-10-02 12:29:11.497 [main] INFO  com.regex.App - Please enter last name: 
2022-10-02 12:29:14.287 [main] INFO  com.regex.App - Gaur
2022-10-02 12:29:16.616 [main] INFO  com.regex.App - Regex Practise Problem
2022-10-02 12:29:16.626 [main] INFO  com.regex.App - Please enter first name: 
2022-10-02 12:29:17.723 [main] INFO  com.regex.App - Invalid input!! Please try again
2022-10-02 12:29:17.725 [main] INFO  com.regex.App - Please enter first name: 
2022-10-02 12:29:19.478 [main] INFO  com.regex.App - Invalid input!! Please try again
2022-10-02 12:29:19.479 [main] INFO  com.regex.App - Please enter first name: 
2022-10-02 12:29:20.467 [main] INFO  com.regex.App - Invalid input!! Please try again
2022-10-02 12:29:20.467 [main] INFO  com.regex.App - Please enter first name: 
2022-10-02 12:29:21.991 [main] INFO  com.regex.App - Invalid input!! Please try again
2022-10-02 12:29:21.991 [main] INFO  com.regex.App - Please enter first name: 
2022-10-02 12:29:27.115 [main] INFO  com.regex.App - Rahul
2022-10-02 12:29:27.116 [main] INFO  com.regex.App - Please enter last name: 
2022-10-02 12:29:28.290 [main] INFO  com.regex.App - Invalid input!! Please try again
2022-10-02 12:29:28.291 [main] INFO  com.regex.App - Please enter last name: 
2022-10-02 12:29:29.228 [main] INFO  com.regex.App - Invalid input!! Please try again
2022-10-02 12:29:29.229 [main] INFO  com.regex.App - Please enter last name: 
2022-10-02 12:29:30.544 [main] INFO  com.regex.App - Invalid input!! Please try again
2022-10-02 12:29:30.545 [main] INFO  com.regex.App - Please enter last name: 
2022-10-02 12:29:33.945 [main] INFO  com.regex.App - Gaur
2022-10-02 13:18:09.033 [main] INFO  com.regex.App - Regex Practise Problem
2022-10-02 13:18:09.043 [main] INFO  com.regex.App - Please enter first name: 
2022-10-02 13:18:12.195 [main] INFO  com.regex.App - Invalid input!! Please try again
2022-10-02 13:18:12.196 [main] INFO  com.regex.App - Please enter first name: 
2022-10-02 13:18:14.127 [main] INFO  com.regex.App - Rahul
2022-10-02 13:18:14.127 [main] INFO  com.regex.App - Please enter last name: 
2022-10-02 13:18:15.943 [main] INFO  com.regex.App - Gaur
2022-10-02 13:18:15.945 [main] INFO  com.regex.App - Please enter Email Id: 
2022-10-02 13:18:16.868 [main] INFO  com.regex.App - sad
2022-10-02 13:18:16.868 [main] INFO  com.regex.App - Please enter Email Id: 
2022-10-02 13:18:27.196 [main] INFO  com.regex.App - ga.asd@gm.co
<<<<<<< HEAD
2022-10-02 13:58:06.202 [main] INFO  com.regex.App - Regex Practise Problem
2022-10-02 13:58:06.223 [main] INFO  com.regex.App - Please enter first name: 
2022-10-02 13:58:07.431 [main] INFO  com.regex.App - Invalid input!! Please try again
2022-10-02 13:58:07.432 [main] INFO  com.regex.App - Please enter first name: 
2022-10-02 13:58:09.513 [main] INFO  com.regex.App - Rahul
2022-10-02 13:58:09.514 [main] INFO  com.regex.App - Please enter last name: 
2022-10-02 13:58:10.554 [main] INFO  com.regex.App - Invalid input!! Please try again
2022-10-02 13:58:10.554 [main] INFO  com.regex.App - Please enter last name: 
2022-10-02 13:58:12.157 [main] INFO  com.regex.App - Gaur
2022-10-02 13:58:12.157 [main] INFO  com.regex.App - Please enter Email Id: 
2022-10-02 13:58:19.164 [main] INFO  com.regex.App - asd.asd@gm.in
2022-10-02 13:58:19.165 [main] INFO  com.regex.App - Please enter Phone number: 
2022-10-02 13:58:23.443 [main] INFO  com.regex.App - Invalid input!! Please try again
2022-10-02 13:58:23.444 [main] INFO  com.regex.App - Please enter Phone number: 
2022-10-02 13:58:31.842 [main] INFO  com.regex.App - 91 9689516995
2022-10-02 14:44:32.965 [main] INFO  com.regex.App - Regex Practise Problem
2022-10-02 14:44:32.974 [main] INFO  com.regex.App - Please enter first name: 
2022-10-02 14:44:35.070 [main] INFO  com.regex.App - Invalid input!! Please try again
2022-10-02 14:44:35.071 [main] INFO  com.regex.App - Please enter first name: 
2022-10-02 14:44:39.316 [main] INFO  com.regex.App - Rahul
2022-10-02 14:44:39.317 [main] INFO  com.regex.App - Please enter last name: 
2022-10-02 14:44:42.277 [main] INFO  com.regex.App - Gaur
2022-10-02 14:44:42.278 [main] INFO  com.regex.App - Please enter Email Id: 
2022-10-02 14:44:47.911 [main] INFO  com.regex.App - afs@fs.in
2022-10-02 14:44:47.912 [main] INFO  com.regex.App - Please enter Phone number: 
2022-10-02 14:44:52.937 [main] INFO  com.regex.App - Invalid input!! Please try again
2022-10-02 14:44:52.938 [main] INFO  com.regex.App - Please enter Phone number: 
2022-10-02 14:44:58.416 [main] INFO  com.regex.App - 91 9689516995
2022-10-02 14:44:58.417 [main] INFO  com.regex.App - Please enter Password: 
2022-10-02 14:45:03.420 [main] INFO  com.regex.App - Invalid input!! Please try again
2022-10-02 14:45:03.421 [main] INFO  com.regex.App - Please enter Password: 
2022-10-02 14:45:10.179 [main] INFO  com.regex.App - Invalid input!! Please try again
2022-10-02 14:45:10.180 [main] INFO  com.regex.App - Please enter Password: 
2022-10-02 14:45:26.074 [main] INFO  com.regex.App - Invalid input!! Please try again
2022-10-02 14:45:26.074 [main] INFO  com.regex.App - Please enter Password: 
2022-10-02 15:09:07.259 [main] INFO  com.regex.App - Invalid input!! Please try again
2022-10-02 15:09:07.260 [main] INFO  com.regex.App - Please enter Password: 
2022-10-02 15:09:15.068 [main] INFO  com.regex.App - Regex Practise Problem
2022-10-02 15:09:15.079 [main] INFO  com.regex.App - Please enter first name: 
2022-10-02 15:09:17.938 [main] INFO  com.regex.App - Rahul
2022-10-02 15:09:17.939 [main] INFO  com.regex.App - Please enter last name: 
2022-10-02 15:09:19.343 [main] INFO  com.regex.App - Gaur
2022-10-02 15:09:19.343 [main] INFO  com.regex.App - Please enter Email Id: 
2022-10-02 15:09:20.360 [main] INFO  com.regex.App - Invalid input!! Please try again
2022-10-02 15:09:20.361 [main] INFO  com.regex.App - Please enter Email Id: 
2022-10-02 15:09:25.436 [main] INFO  com.regex.App - sa@fa.kj
2022-10-02 15:09:25.437 [main] INFO  com.regex.App - Please enter Phone number: 
2022-10-02 15:09:31.022 [main] INFO  com.regex.App - Invalid input!! Please try again
2022-10-02 15:09:31.023 [main] INFO  com.regex.App - Please enter Phone number: 
2022-10-02 15:09:36.228 [main] INFO  com.regex.App - 91 9689516995
2022-10-02 15:09:36.229 [main] INFO  com.regex.App - Please enter Password: 
2022-10-02 15:09:38.880 [main] INFO  com.regex.App - Invalid input!! Please try again
2022-10-02 15:09:38.881 [main] INFO  com.regex.App - Please enter Password: 
2022-10-02 15:09:41.181 [main] INFO  com.regex.App - Aadsdasdas
2022-10-02 15:09:42.081 [main] INFO  com.regex.App - Regex Practise Problem
2022-10-02 15:09:42.102 [main] INFO  com.regex.App - Please enter first name: 
2022-10-02 15:26:49.886 [main] INFO  com.regex.App - Regex Practise Problem
2022-10-02 15:26:49.894 [main] INFO  com.regex.App - Please enter first name: 
2022-10-02 15:26:52.326 [main] INFO  com.regex.App - Rahul
2022-10-02 15:26:52.327 [main] INFO  com.regex.App - Please enter last name: 
2022-10-02 15:26:53.300 [main] INFO  com.regex.App - Guar
2022-10-02 15:26:53.301 [main] INFO  com.regex.App - Please enter Email Id: 
2022-10-02 15:26:57.929 [main] INFO  com.regex.App - fasf@fd.in
2022-10-02 15:26:57.930 [main] INFO  com.regex.App - Please enter Phone number: 
2022-10-02 15:27:05.670 [main] INFO  com.regex.App - 91 9689516995
2022-10-02 15:27:05.671 [main] INFO  com.regex.App - Please enter Password: 
2022-10-02 15:27:10.490 [main] INFO  com.regex.App - Invalid input!! Please try again
2022-10-02 15:27:10.490 [main] INFO  com.regex.App - Please enter Password: 
2022-10-02 15:27:15.200 [main] INFO  com.regex.App - Invalid input!! Please try again
2022-10-02 15:27:15.200 [main] INFO  com.regex.App - Please enter Password: 
2022-10-02 15:28:10.232 [main] INFO  com.regex.App - Regex Practise Problem
2022-10-02 15:28:10.255 [main] INFO  com.regex.App - Please enter first name: 
2022-10-02 15:28:12.794 [main] INFO  com.regex.App - Rahul
2022-10-02 15:28:12.795 [main] INFO  com.regex.App - Please enter last name: 
2022-10-02 15:28:13.744 [main] INFO  com.regex.App - Gaur
2022-10-02 15:28:13.744 [main] INFO  com.regex.App - Please enter Email Id: 
2022-10-02 15:28:19.352 [main] INFO  com.regex.App - Invalid input!! Please try again
2022-10-02 15:28:19.353 [main] INFO  com.regex.App - Please enter Email Id: 
2022-10-02 15:28:28.997 [main] INFO  com.regex.App - sadsa@we.in
2022-10-02 15:28:28.997 [main] INFO  com.regex.App - Please enter Phone number: 
2022-10-02 15:28:34.343 [main] INFO  com.regex.App - 91 9689516995
2022-10-02 15:28:34.344 [main] INFO  com.regex.App - Please enter Password: 
2022-10-02 15:28:40.055 [main] INFO  com.regex.App - Invalid input!! Please try again
2022-10-02 15:28:40.056 [main] INFO  com.regex.App - Please enter Password: 
=======
2022-10-02 15:47:20.217 [main] INFO  com.regex.App - Regex Practise Problem
2022-10-02 15:47:20.225 [main] INFO  com.regex.App - Please enter first name: 
2022-10-02 15:47:22.632 [main] INFO  com.regex.App - Rahul
2022-10-02 15:47:22.633 [main] INFO  com.regex.App - Please enter last name: 
2022-10-02 15:47:24.101 [main] INFO  com.regex.App - Gaur
2022-10-02 15:47:24.102 [main] INFO  com.regex.App - Please enter Email Id: 
2022-10-02 15:47:29.188 [main] INFO  com.regex.App - aasd@fas.com
>>>>>>> EmailValidation
2022-10-02 23:35:27.975 [main] INFO  com.regex.App - Regex Practise Problem
2022-10-02 23:35:27.985 [main] INFO  com.regex.App - Please enter first name: 
2022-10-02 23:35:29.396 [main] INFO  com.regex.App - Invalid Input detected!
2022-10-02 23:35:34.550 [main] INFO  com.regex.App - Regex Practise Problem
2022-10-02 23:35:34.566 [main] INFO  com.regex.App - Please enter first name: 
2022-10-02 23:35:35.500 [main] INFO  com.regex.App - Invalid Input detected!
